<?xml version="1.0" encoding="UTF-8" ?>
<testsuite tests="3" failures="0" name="in.kieransmith.exercise.unit.FileIOTest" time="0.001" errors="0" skipped="0">
  <properties>
    <property name="java.runtime.name" value="OpenJDK Runtime Environment"/>
    <property name="java.vm.version" value="11.0.8+10"/>
    <property name="sun.boot.library.path" value="C:\Users\jam\AppData\Local\Programs\AdoptOpenJDK\bin"/>
    <property name="maven.multiModuleProjectDirectory" value="D:\Codin\Java\Megaport interview exercise"/>
    <property name="java.vm.vendor" value="AdoptOpenJDK"/>
    <property name="java.vendor.url" value="https://adoptopenjdk.net/"/>
    <property name="path.separator" value=";"/>
    <property name="guice.disable.misplaced.annotation.check" value="true"/>
    <property name="java.vm.name" value="OpenJDK 64-Bit Server VM"/>
    <property name="user.country" value="US"/>
    <property name="sun.java.launcher" value="SUN_STANDARD"/>
    <property name="user.script" value=""/>
    <property name="sun.os.patch.level" value=""/>
    <property name="user.dir" value="D:\Codin\Java\Megaport interview exercise"/>
    <property name="java.vm.compressedOopsMode" value="Zero based"/>
    <property name="java.vm.specification.name" value="Java Virtual Machine Specification"/>
    <property name="java.runtime.version" value="11.0.8+10"/>
    <property name="java.awt.graphicsenv" value="sun.awt.Win32GraphicsEnvironment"/>
    <property name="os.arch" value="amd64"/>
    <property name="java.io.tmpdir" value="C:\Users\jam\AppData\Local\Temp\"/>
    <property name="line.separator" value="
"/>
    <property name="java.vm.specification.vendor" value="Oracle Corporation"/>
    <property name="user.variant" value=""/>
    <property name="os.name" value="Windows 10"/>
    <property name="classworlds.conf" value="C:\Users\jam\Documents\apache-maven-3.8.4\bin\m2.conf"/>
    <property name="sun.jnu.encoding" value="Cp1252"/>
    <property name="java.library.path" value="C:\Users\jam\AppData\Local\Programs\AdoptOpenJDK\bin;C:\Windows\Sun\Java\bin;C:\Windows\system32;C:\Windows;C:\Program Files\Eclipse Adoptium\jdk-11.0.13.8-hotspot\bin;C:\Program Files\Eclipse Foundation\jdk-16.0.2.7-hotspot\bin;C:\Program Files (x86)\Common Files\Oracle\Java\javapath;C:\Program Files (x86)\Razer Chroma SDK\bin;C:\Program Files\Razer Chroma SDK\bin;C:\Program Files\Common Files\Oracle\Java\javapath;C:\Program Files (x86)\Razer\ChromaBroadcast\bin;C:\Program Files\Razer\ChromaBroadcast\bin;C:\Program Files\Java\jdk-14.0.2\bin;C:\Windows\system32\config\systemprofile\AppData\Local\Microsoft\WindowsApps;C:\Program Files\Git\cmd;C:\Program Files\NVIDIA Corporation\NVIDIA NvDLISR;C:\Windows\py.exe;C:\Program Files\nodejs\;C:\ProgramData\chocolatey\bin;C:\Python310\Scripts\;C:\Python310\;C:\Users\jam\.cargo\bin;C:\Users\jam\AppData\Local\Programs\Python\Python310\Scripts\;C:\Users\jam\AppData\Local\Programs\Python\Python310\;C:\Users\jam\AppData\Local\Programs\Python\Python39\Scripts\;C:\Users\jam\AppData\Local\Programs\Python\Python39\;C:\Program Files\MySQL\MySQL Shell 8.0\bin\;C:\Users\jam\AppData\Local\Programs\AdoptOpenJDK\bin;C:\Users\jam\AppData\Local\Microsoft\WindowsApps;C:\Users\jam\AppData\Local\Programs\Microsoft VS Code\bin;C:\Users\jam\.dotnet\tools;C:\Program Files\mingw-w64\x86_64-8.1.0-posix-seh-rt_v6-rev0\mingw64\bin;C:\Program Files\nodejs;C:\Users\jam\AppData\Local\Programs\Python\Python39\Scripts;C:\Users\jam\AppData\Roaming\npm;C:\Users\jam\AppData\Local\GitHubDesktop\bin;C:\Users\jam\Documents\apache-maven-3.8.4\bin;;."/>
    <property name="maven.conf" value="C:\Users\jam\Documents\apache-maven-3.8.4/conf"/>
    <property name="jdk.debug" value="release"/>
    <property name="java.class.version" value="55.0"/>
    <property name="java.specification.name" value="Java Platform API Specification"/>
    <property name="sun.management.compiler" value="HotSpot 64-Bit Tiered Compilers"/>
    <property name="os.version" value="10.0"/>
    <property name="library.jansi.path" value="C:\Users\jam\Documents\apache-maven-3.8.4\lib\jansi-native"/>
    <property name="user.home" value="C:\Users\jam"/>
    <property name="user.timezone" value="Australia/Brisbane"/>
    <property name="java.awt.printerjob" value="sun.awt.windows.WPrinterJob"/>
    <property name="file.encoding" value="Cp1252"/>
    <property name="java.specification.version" value="11"/>
    <property name="java.class.path" value="C:\Users\jam\Documents\apache-maven-3.8.4\boot\plexus-classworlds-2.6.0.jar"/>
    <property name="user.name" value="jam"/>
    <property name="java.vm.specification.version" value="11"/>
    <property name="sun.arch.data.model" value="64"/>
    <property name="sun.java.command" value="org.codehaus.plexus.classworlds.launcher.Launcher test -f d:\Codin\Java\Megaport interview exercise\pom.xml"/>
    <property name="java.home" value="C:\Users\jam\AppData\Local\Programs\AdoptOpenJDK"/>
    <property name="user.language" value="en"/>
    <property name="java.specification.vendor" value="Oracle Corporation"/>
    <property name="awt.toolkit" value="sun.awt.windows.WToolkit"/>
    <property name="java.vm.info" value="mixed mode"/>
    <property name="java.version" value="11.0.8"/>
    <property name="java.vendor" value="AdoptOpenJDK"/>
    <property name="sun.stderr.encoding" value="cp437"/>
    <property name="maven.home" value="C:\Users\jam\Documents\apache-maven-3.8.4"/>
    <property name="file.separator" value="\"/>
    <property name="java.version.date" value="2020-07-14"/>
    <property name="java.vendor.url.bug" value="https://github.com/AdoptOpenJDK/openjdk-support/issues"/>
    <property name="sun.cpu.endian" value="little"/>
    <property name="sun.io.unicode.encoding" value="UnicodeLittle"/>
    <property name="java.vendor.version" value="AdoptOpenJDK"/>
    <property name="sun.stdout.encoding" value="cp437"/>
    <property name="sun.desktop" value="windows"/>
    <property name="sun.cpu.isalist" value="amd64"/>
  </properties>
  <testcase classname="in.kieransmith.exercise.unit.FileIOTest" name="ModifyPath_ExpectModifiedPath" time="0"/>
  <testcase classname="in.kieransmith.exercise.unit.FileIOTest" name="ReadFile_ExpectKnownContent" time="0.001"/>
  <testcase classname="in.kieransmith.exercise.unit.FileIOTest" name="ReadNonExistentFile_ExpectFileNotFound" time="0"/>
</testsuite>